Arguments: 
  /Users/andrei/.volta/tools/image/node/16.14.2/bin/node /usr/local/Cellar/yarn/1.22.19/libexec/bin/yarn.js

PATH: 
  /Users/andrei/.volta/tools/image/yarn/1.22.18/bin:/Users/andrei/.volta/tools/image/node/16.14.2/bin:/Users/andrei/bin:/usr/local/bin:/Users/andrei/.volta/bin:/usr/local/bin:/usr/bin:/bin:/usr/sbin:/sbin:/Users/andrei/pb/pwa-solid/node_modules/.bin:/Users/andrei/Toast/git-repos/play1:/Users/andrei/Library/Android/sdk/tools:/Users/andrei/Library/Android/sdk/platform-tools:/usr/local/bin:/Users/andrei/Toast/git-repos/play1:/Users/andrei/Library/Android/sdk/tools:/Users/andrei/Library/Android/sdk/platform-tools

Yarn version: 
  1.22.19

Node version: 
  16.14.2

Platform: 
  darwin x64

Trace: 
  Error: https://nexus.eng.toasttab.com/repository/toast_npm/solid-js: ETIMEDOUT
      at Timeout._onTimeout (/usr/local/Cellar/yarn/1.22.19/libexec/lib/cli.js:141550:19)
      at listOnTimeout (node:internal/timers:559:17)
      at processTimers (node:internal/timers:502:7)

npm manifest: 
  {
    "name": "vite-template-solid",
    "version": "0.0.0",
    "description": "",
    "scripts": {
      "start": "vite",
      "dev": "vite",
      "build": "vite build",
      "serve": "vite preview"
    },
    "license": "MIT",
    "devDependencies": {
      "typescript": "^4.6.4",
      "vite": "^2.9.9",
      "vite-plugin-solid": "^2.2.6"
    },
    "dependencies": {
      "solid-js": "^1.4.2"
    }
  }

yarn manifest: 
  No manifest

Lockfile: 
  No lockfile
